<?xml version="1.0" encoding="UTF-8"?>
<!-- Generated by org.testng.reporters.JUnitXMLReporter -->
<testsuite hostname="DESKTOP-GI828GQ" name="Default test" tests="4" failures="0" timestamp="10 Nov 2020 22:38:48 GMT" time="0.018" errors="0">
  <testcase name="@BeforeSuite setup" time="0.0" classname="demos.Demo08_TestNG_Parameters_Optional">
    <failure type="org.testng.TestNGException" message="
Parameter &amp;apos;url&amp;apos; is required by @Configuration on method setup but has not been marked @Optional or defined
in C:\Users\Watson\AppData\Local\Temp\testng-eclipse-56557017\testng-customsuite.xml">
      <![CDATA[org.testng.TestNGException: 
Parameter 'url' is required by @Configuration on method setup but has not been marked @Optional or defined
in C:\Users\Watson\AppData\Local\Temp\testng-eclipse-56557017\testng-customsuite.xml
	at org.testng.internal.Parameters.createParameters(Parameters.java:155)
	at org.testng.internal.Parameters.createParameters(Parameters.java:355)
	at org.testng.internal.Parameters.createConfigurationParameters(Parameters.java:86)
	at org.testng.internal.Invoker.invokeConfigurations(Invoker.java:199)
	at org.testng.internal.Invoker.invokeConfigurations(Invoker.java:138)
	at org.testng.SuiteRunner.privateRun(SuiteRunner.java:277)
	at org.testng.SuiteRunner.run(SuiteRunner.java:240)
	at org.testng.SuiteRunnerWorker.runSuite(SuiteRunnerWorker.java:52)
	at org.testng.SuiteRunnerWorker.run(SuiteRunnerWorker.java:86)
	at org.testng.TestNG.runSuitesSequentially(TestNG.java:1198)
	at org.testng.TestNG.runSuitesLocally(TestNG.java:1123)
	at org.testng.TestNG.run(TestNG.java:1031)
	at org.testng.remote.AbstractRemoteTestNG.run(AbstractRemoteTestNG.java:115)
	at org.testng.remote.RemoteTestNG.initAndRun(RemoteTestNG.java:251)
	at org.testng.remote.RemoteTestNG.main(RemoteTestNG.java:77)
]]>
    </failure>
  </testcase> <!-- @BeforeSuite setup -->
  <testcase name="login" time="0.004" classname="demos.Demo08_TestNG_Parameters_Optional">
    <skipped/>
  </testcase> <!-- login -->
  <testcase name="login" time="0.001" classname="demos.Demo08_TestNG_Parameters_Optional">
    <skipped/>
  </testcase> <!-- login -->
  <testcase name="login" time="0.001" classname="demos.Demo08_TestNG_Parameters_Optional">
    <skipped/>
  </testcase> <!-- login -->
  <testcase name="login" time="0.001" classname="demos.Demo08_TestNG_Parameters_Optional">
    <skipped/>
  </testcase> <!-- login -->
</testsuite> <!-- Default test -->
